[backblue.gif]
[fade.gif]
[index.html]
[sleepyjoes.co.uk/web/wp/wp-includes/js/jquery/jquery.min3088.js]
[sleepyjoes.co.uk/web/wp/wp-includes/js/jquery/jquery-migrate.min5589.js]
[apps.mews.com/distributor/release/production/3756.0.0/distributor.js]
[sleepyjoes.co.uk/web/app/uploads/2023/11/cropped-Icon-Original_flavicon-32x32.png]
[sleepyjoes.co.uk/web/app/uploads/2023/11/cropped-Icon-Original_flavicon-192x192.png]
[sleepyjoes.co.uk/web/app/uploads/2023/11/cropped-Icon-Original_flavicon-180x180.png]
[sleepyjoes.co.uk/web/app/themes/hello-elementor/assets/js/hello-frontend.min8a54.js]
[sleepyjoes.co.uk/web/app/plugins/powerpack-elements/assets/js/min/frontend-offcanvas-content.min3894.js]
[sleepyjoes.co.uk/web/app/plugins/elementor-pro/assets/lib/smartmenus/jquery.smartmenus.minf269.js]
[sleepyjoes.co.uk/web/wp/wp-includes/js/imagesloaded.mineda1.js]
[sleepyjoes.co.uk/web/app/plugins/elementor-pro/assets/js/webpack-pro.runtime.min6b60.js]
[sleepyjoes.co.uk/web/app/plugins/elementor/assets/js/webpack.runtime.minafc7.js]
[sleepyjoes.co.uk/web/app/plugins/elementor/assets/js/frontend-modules.minafc7.js]
[sleepyjoes.co.uk/web/wp/wp-includes/js/dist/vendor/wp-polyfill-inert.min0226.js]
[sleepyjoes.co.uk/web/wp/wp-includes/js/dist/vendor/regenerator-runtime.min8fa4.js]
[sleepyjoes.co.uk/web/wp/wp-includes/js/dist/vendor/wp-polyfill.min2c7c.js]
[sleepyjoes.co.uk/web/wp/wp-includes/js/dist/hooks.min2ebd.js]
[sleepyjoes.co.uk/web/wp/wp-includes/js/dist/i18n.minf92f.js]
[sleepyjoes.co.uk/web/app/plugins/elementor-pro/assets/js/frontend.min6b60.js]
[sleepyjoes.co.uk/web/app/plugins/elementor/assets/lib/waypoints/waypoints.min05da.js]
[sleepyjoes.co.uk/web/wp/wp-includes/js/jquery/ui/core.min3f14.js]
[sleepyjoes.co.uk/web/app/plugins/elementor/assets/lib/swiper/v8/swiper.min94a4.js]
[sleepyjoes.co.uk/web/app/plugins/elementor/assets/lib/share-link/share-link.minafc7.js]
[sleepyjoes.co.uk/web/app/plugins/elementor/assets/lib/dialog/dialog.mind227.js]
[sleepyjoes.co.uk/web/app/plugins/elementor/assets/js/frontend.minafc7.js]
[sleepyjoes.co.uk/web/app/plugins/elementor-pro/assets/js/preloaded-elements-handlers.min6b60.js]
[sleepyjoes.co.uk/web/app/plugins/elementor/assets/js/preloaded-modules.minafc7.js]
[sleepyjoes.co.uk/web/app/plugins/elementor-pro/assets/lib/sticky/jquery.sticky.min6b60.js]
[sleepyjoes.co.uk/web/app/plugins/powerpack-elements/assets/js/min/frontend.min3894.js]
[sleepyjoes.co.uk/web/app/plugins/powerpack-elements/assets/lib/tooltipster/tooltipster.min3894.js]
[sleepyjoes.co.uk/apartments/index.html]
[sleepyjoes.co.uk/web/wp/wp-includes/css/dist/block-library/style.min9b30.css]
[sleepyjoes.co.uk/web/app/plugins/jet-engine/assets/css/frontendbf8c.css]
[sleepyjoes.co.uk/web/app/themes/hello-elementor/style.min1102.css]
[sleepyjoes.co.uk/web/app/themes/hello-elementor/theme.min1102.css]
[sleepyjoes.co.uk/web/app/uploads/elementor/css/custom-frontend.min2c6b.css]
[sleepyjoes.co.uk/web/app/uploads/elementor/css/post-52c6b.css]
[sleepyjoes.co.uk/web/app/plugins/elementor/assets/lib/eicons/css/elementor-icons.min192d.css]
[sleepyjoes.co.uk/web/app/plugins/elementor/assets/lib/swiper/v8/css/swiper.min94a4.css]
[sleepyjoes.co.uk/web/app/plugins/powerpack-elements/assets/css/min/frontend.min3894.css]
[sleepyjoes.co.uk/web/app/uploads/elementor/css/custom-pro-frontend.min2c6b.css]
[sleepyjoes.co.uk/web/app/uploads/elementor/css/global64a7.css]
[sleepyjoes.co.uk/web/app/uploads/2023/10/one-bedroom-4th.jpg]
[sleepyjoes.co.uk/web/app/uploads/elementor/css/post-2108ea2.css]
[sleepyjoes.co.uk/web/app/uploads/2023/10/one-bedroom-1st-picture.jpg]
[sleepyjoes.co.uk/web/app/uploads/elementor/css/post-864a7.css]
[sleepyjoes.co.uk/web/app/uploads/elementor/css/post-1083b6.css]
[sleepyjoes.co.uk/web/app/plugins/elementor/assets/lib/font-awesome/css/fontawesome.min52d5.css]
[sleepyjoes.co.uk/web/app/plugins/elementor/assets/lib/font-awesome/css/solid.min52d5.css]
[sleepyjoes.co.uk/web/app/plugins/powerpack-elements/assets/lib/hamburgers/hamburgers.min3894.css]
[sleepyjoes.co.uk/web/app/uploads/elementor/css/post-398df8f.css]
[sleepyjoes.co.uk/web/app/uploads/elementor/css/post-4038e6f.css]
[sleepyjoes.co.uk/web/app/plugins/elementor/assets/lib/animations/animations.minafc7.css]
