[sleepyjoeslondon.hotelmix.co.uk/data/Photos/1920x1080/_.0.delayed]
[sleepyjoeslondon.hotelmix.co.uk/data/Photos/1920x1080/index.html]
[sleepyjoeslondon.hotelmix.co.uk/index.html]
[backblue.gif]
[fade.gif]
[index.html]
[sleepyjoeslondon.hotelmix.co.uk/data/Photos/450x450/15491/1549171/1549171783/1549171783.jpg]
[sleepyjoeslondon.hotelmix.co.uk/data/Photos/OriginalPhoto/15491/1549171/1549171783/Sleepy-Joes-Aparthotel-London-Exterior.jpg]
[sleepyjoeslondon.hotelmix.co.uk/data/Photos/450x450/15390/1539097/1539097129/1539097129.jpg]
[sleepyjoeslondon.hotelmix.co.uk/data/Photos/OriginalPhoto/15390/1539097/1539097129/Sleepy-Joes-Aparthotel-London-Exterior.jpg]
[sleepyjoeslondon.hotelmix.co.uk/data/Photos/450x450/15390/1539097/1539097132/1539097132.jpg]
[sleepyjoeslondon.hotelmix.co.uk/data/Photos/OriginalPhoto/15390/1539097/1539097132/Sleepy-Joes-Aparthotel-London-Exterior.jpg]
[sleepyjoeslondon.hotelmix.co.uk/data/Photos/OriginalPhoto/15390/1539097/1539097135/Sleepy-Joes-Aparthotel-London-Exterior.jpg]
[sleepyjoeslondon.hotelmix.co.uk/data/Photos/OriginalPhoto/15390/1539097/1539097138/Sleepy-Joes-Aparthotel-London-Exterior.jpg]
[sleepyjoeslondon.hotelmix.co.uk/data/Photos/700x500/15491/1549171/1549171783/1549171783.jpg]
[sleepyjoeslondon.hotelmix.co.uk/index.html]
[sleepyjoeslondon.hotelmix.co.uk/15467/1546743/1546743067.JPEG_/15467/1546743/1546743037.JPEG_/15467/1546743/1546743010.JPEG_/15467/1546742/1/1546744000.b.delaye]
[sleepyjoeslondon.hotelmix.co.uk/15448/1544887/1544887618.JPEG_/15448/1544887/1544887582.JPEG_/15448/1544887/1544887534.JPEG_/15448/1544887/1/1544887630.e.delaye]
[sleepyjoeslondon.hotelmix.co.uk/images/v2/483x270/room_img_v2_5.jpg]
[static.bookcdn.com/build/booked/booked_hotel-page.f5b6d78d1e83c65e3dc1574ec4cb198b.css]
[sleepyjoeslondon.hotelmix.co.uk/images/v2/483x270/room_img_v2_4.jpg]
[sleepyjoeslondon.hotelmix.co.uk/data/Photos/700x500/15467/1546743/1546743067/1546743067.jpg]
[sleepyjoeslondon.hotelmix.co.uk/15467/1546743/1546743067.JPEG_/15467/1546743/1546743037.JPEG_/15467/1546743/1546743010.JPEG_/15467/1546742/1/1546744000.b.delaye]
[sleepyjoeslondon.hotelmix.co.uk/data/Photos/700x500/15448/1544887/1544887618/1544887618.jpg]
[the-dictionary-hostel-london.booked.net/data/Photos/281x175/11847/1184724/1184724277/1184724277.jpg]
[sleepyjoeslondon.hotelmix.co.uk/15448/1544887/1544887618.JPEG_/15448/1544887/1544887582.JPEG_/15448/1544887/1544887534.JPEG_/15448/1544887/1/1544887630.e.delaye]
[landmark-apartments-london.booked.net/data/Photos/281x175/9582/958242/958242406/958242406.jpg]
[hoxton-hotel-london.booked.net/data/Photos/281x175/12280/1228083/1228083890/1228083890.jpg]
[static.bookcdn.com/build/booked/images/map-button-img.cb7e8e13b21a739aa2732948163a512c.jpg]
[nobu-hotel-shoreditch-london.booked.net/data/Photos/281x175/8217/821791/821791718/821791718.jpg]
[m-by-montcalm-shoreditch-london-tech-city-hotel/data/Photos/281x175/13812/1381243/1381243739/Montcalm-East-Autograph-Collection-Hotel-London-Exterior.1b.delaye]
[holiday-inn-express-london-city.booked.net/data/Photos/281x175/12740/1274054/1274054434/1274054434.jpg]
[courthouse-hotel-shoreditch-london.booked.net/data/Photos/281x175/8217/821757/821757851/821757851.jpg]
[the-z-hotel-shoreditch-london.booked.net/data/Photos/281x175/12396/1239613/1239613561/1239613561.jpg]
[hart-shoreditch-hotel-london-curio-collection-by/data/Photos/281x175/15526/1552663/1552663684/Hart-Shoreditch-Hotel-London-Curio-Collection-By-Hilton-Exterior.2]
[premier-inn-london-city-gb.booked.net/data/Photos/281x175/10342/1034204/1034204663/1034204663.jpg]
[shoreditch-high-st-london.booked.net/data/Photos/281x175/16030/1603029/1603029675/1603029675.jpg]
[static.bookcdn.com/js/translations/translation_1.dd8218e3b9d9a9fd7cf257d27a0b8957.js]
[static.bookcdn.com/build/booked/booked_bundle.1191e5d96e608b2f5761722925498c5b.js]
